  Camera.cpp
z:\gra\code\gra\windows\learning\src\gl.h(15): fatal error C1083: Cannot open include file: 'GL/freeglut.h': No such file or directory
  CommonObjects.cpp
z:\gra\code\gra\windows\learning\src\gl.h(15): fatal error C1083: Cannot open include file: 'GL/freeglut.h': No such file or directory
  Engine.cpp
z:\gra\code\gra\windows\learning\src\gl.h(15): fatal error C1083: Cannot open include file: 'GL/freeglut.h': No such file or directory
  FileLoader.cpp
z:\gra\code\gra\windows\learning\src\gl.h(15): fatal error C1083: Cannot open include file: 'GL/freeglut.h': No such file or directory
  Light.cpp
z:\gra\code\gra\windows\learning\src\gl.h(15): fatal error C1083: Cannot open include file: 'GL/freeglut.h': No such file or directory
  main.cpp
z:\gra\code\gra\windows\learning\src\gl.h(15): fatal error C1083: Cannot open include file: 'GL/freeglut.h': No such file or directory
  MaterialManager.cpp
z:\gra\code\gra\windows\learning\src\gl.h(15): fatal error C1083: Cannot open include file: 'GL/freeglut.h': No such file or directory
  Mesh.cpp
z:\gra\code\gra\windows\learning\src\gl.h(15): fatal error C1083: Cannot open include file: 'GL/freeglut.h': No such file or directory
  Object.cpp
z:\gra\code\gra\windows\learning\src\gl.h(15): fatal error C1083: Cannot open include file: 'GL/freeglut.h': No such file or directory
  ObjectLight.cpp
z:\gra\code\gra\windows\learning\src\gl.h(15): fatal error C1083: Cannot open include file: 'GL/freeglut.h': No such file or directory
  Scene.cpp
z:\gra\code\gra\windows\learning\src\gl.h(15): fatal error C1083: Cannot open include file: 'GL/freeglut.h': No such file or directory
  Shaders.cpp
z:\gra\code\gra\windows\learning\src\gl.h(15): fatal error C1083: Cannot open include file: 'GL/freeglut.h': No such file or directory
  Shapes.cpp
z:\gra\code\gra\windows\learning\src\gl.h(15): fatal error C1083: Cannot open include file: 'GL/freeglut.h': No such file or directory
  SkyboxTexture.cpp
z:\gra\code\gra\windows\learning\src\gl.h(15): fatal error C1083: Cannot open include file: 'GL/freeglut.h': No such file or directory
  Texture.cpp
z:\gra\code\gra\windows\learning\src\gl.h(15): fatal error C1083: Cannot open include file: 'GL/freeglut.h': No such file or directory
  TextureManager.cpp
z:\gra\code\gra\windows\learning\src\gl.h(15): fatal error C1083: Cannot open include file: 'GL/freeglut.h': No such file or directory
  Generating Code...
